coulomb_epsilon2=78.0
thermostat=lv
cg_cutoff=1.4
conf=hyb_conf.gro
skin=0.3
trj_collect=10000
eq=2000
rng_seed=-1
initial_resolution=0.0
thermostat_gamma=50.0
thermostat_whole=False
top=hyb_topol.top
coulomb_epsilon1=1.0
two_phase=False
long=5000
coord_frame=-1
gro_collect=0
int_step=500
energy_collect=500
energy_collect_bck=500
coulomb_kappa=0.0
alpha=2e-05
dt=0.001
temperature=800.0
coulomb_cutoff=0.9
dt_dyn=0.0001
lj_cutoff=1.2
system_info_filter=lj,cg,bond
output_prefix=sim0
coord_h5md_group=atoms
cap_force=1000.0
